Determining if the pthread_create exist failed with the following output:
Change Dir: /home/aj/git_work/legendary-broccoli/ajayapra/cp1_wp/sandbox/beginner_tut/build/CMakeFiles/CMakeTmp

Run Build Command:/usr/bin/make "cmTryCompileExec3234770741/fast"
make[1]: Entering directory `/home/aj/git_work/legendary-broccoli/ajayapra/cp1_wp/sandbox/beginner_tut/build/CMakeFiles/CMakeTmp'
/usr/bin/make -f CMakeFiles/cmTryCompileExec3234770741.dir/build.make CMakeFiles/cmTryCompileExec3234770741.dir/build
make[2]: Entering directory `/home/aj/git_work/legendary-broccoli/ajayapra/cp1_wp/sandbox/beginner_tut/build/CMakeFiles/CMakeTmp'
/usr/bin/cmake -E cmake_progress_report /home/aj/git_work/legendary-broccoli/ajayapra/cp1_wp/sandbox/beginner_tut/build/CMakeFiles/CMakeTmp/CMakeFiles 1
Building C object CMakeFiles/cmTryCompileExec3234770741.dir/CheckSymbolExists.c.o
/usr/bin/cc    -o CMakeFiles/cmTryCompileExec3234770741.dir/CheckSymbolExists.c.o   -c /home/aj/git_work/legendary-broccoli/ajayapra/cp1_wp/sandbox/beginner_tut/build/CMakeFiles/CMakeTmp/CheckSymbolExists.c
Linking C executable cmTryCompileExec3234770741
/usr/bin/cmake -E cmake_link_script CMakeFiles/cmTryCompileExec3234770741.dir/link.txt --verbose=1
/usr/bin/cc       CMakeFiles/cmTryCompileExec3234770741.dir/CheckSymbolExists.c.o  -o cmTryCompileExec3234770741 -rdynamic 
CMakeFiles/cmTryCompileExec3234770741.dir/CheckSymbolExists.c.o: In function `main':
CheckSymbolExists.c:(.text+0x16): undefined reference to `pthread_create'
collect2: error: ld returned 1 exit status
make[2]: *** [cmTryCompileExec3234770741] Error 1
make[2]: Leaving directory `/home/aj/git_work/legendary-broccoli/ajayapra/cp1_wp/sandbox/beginner_tut/build/CMakeFiles/CMakeTmp'
make[1]: *** [cmTryCompileExec3234770741/fast] Error 2
make[1]: Leaving directory `/home/aj/git_work/legendary-broccoli/ajayapra/cp1_wp/sandbox/beginner_tut/build/CMakeFiles/CMakeTmp'

File /home/aj/git_work/legendary-broccoli/ajayapra/cp1_wp/sandbox/beginner_tut/build/CMakeFiles/CMakeTmp/CheckSymbolExists.c:
/* */
#include <pthread.h>

int main(int argc, char** argv)
{
  (void)argv;
#ifndef pthread_create
  return ((int*)(&pthread_create))[argc];
#else
  (void)argc;
  return 0;
#endif
}

Determining if the function pthread_create exists in the pthreads failed with the following output:
Change Dir: /home/aj/git_work/legendary-broccoli/ajayapra/cp1_wp/sandbox/beginner_tut/build/CMakeFiles/CMakeTmp

Run Build Command:/usr/bin/make "cmTryCompileExec3683682075/fast"
make[1]: Entering directory `/home/aj/git_work/legendary-broccoli/ajayapra/cp1_wp/sandbox/beginner_tut/build/CMakeFiles/CMakeTmp'
/usr/bin/make -f CMakeFiles/cmTryCompileExec3683682075.dir/build.make CMakeFiles/cmTryCompileExec3683682075.dir/build
make[2]: Entering directory `/home/aj/git_work/legendary-broccoli/ajayapra/cp1_wp/sandbox/beginner_tut/build/CMakeFiles/CMakeTmp'
/usr/bin/cmake -E cmake_progress_report /home/aj/git_work/legendary-broccoli/ajayapra/cp1_wp/sandbox/beginner_tut/build/CMakeFiles/CMakeTmp/CMakeFiles 1
Building C object CMakeFiles/cmTryCompileExec3683682075.dir/CheckFunctionExists.c.o
/usr/bin/cc   -DCHECK_FUNCTION_EXISTS=pthread_create   -o CMakeFiles/cmTryCompileExec3683682075.dir/CheckFunctionExists.c.o   -c /usr/share/cmake-2.8/Modules/CheckFunctionExists.c
Linking C executable cmTryCompileExec3683682075
/usr/bin/cmake -E cmake_link_script CMakeFiles/cmTryCompileExec3683682075.dir/link.txt --verbose=1
/usr/bin/cc   -DCHECK_FUNCTION_EXISTS=pthread_create    CMakeFiles/cmTryCompileExec3683682075.dir/CheckFunctionExists.c.o  -o cmTryCompileExec3683682075 -rdynamic -lpthreads 
/usr/bin/ld: cannot find -lpthreads
collect2: error: ld returned 1 exit status
make[2]: *** [cmTryCompileExec3683682075] Error 1
make[2]: Leaving directory `/home/aj/git_work/legendary-broccoli/ajayapra/cp1_wp/sandbox/beginner_tut/build/CMakeFiles/CMakeTmp'
make[1]: *** [cmTryCompileExec3683682075/fast] Error 2
make[1]: Leaving directory `/home/aj/git_work/legendary-broccoli/ajayapra/cp1_wp/sandbox/beginner_tut/build/CMakeFiles/CMakeTmp'


